Analysis & Synthesis report for lab10
Wed Apr 03 10:10:38 2024
Quartus Prime Version 20.1.1 Build 720 11/11/2020 SJ Lite Edition


---------------------
; Table of Contents ;
---------------------
  1. Legal Notice
  2. Analysis & Synthesis Summary
  3. Analysis & Synthesis Settings
  4. Parallel Compilation
  5. Analysis & Synthesis Source Files Read
  6. Analysis & Synthesis Resource Usage Summary
  7. Analysis & Synthesis Resource Utilization by Entity
  8. General Register Statistics
  9. Parameter Settings for User Entity Instance: Top-level Entity: |lab10
 10. Parameter Settings for User Entity Instance: twoSIGN:twoSIGN_inst
 11. Port Connectivity Checks: "bcd2seven:hundreds"
 12. Port Connectivity Checks: "binary2bcd:binary2bcd_inst|add3:m6"
 13. Port Connectivity Checks: "binary2bcd:binary2bcd_inst|add3:m1"
 14. Port Connectivity Checks: "twoSIGN:twoSIGN_inst|halfADDER:twosFor[7].halfADDER_inst1"
 15. Post-Synthesis Netlist Statistics for Top Partition
 16. Elapsed Time Per Partition
 17. Analysis & Synthesis Messages
 18. Analysis & Synthesis Suppressed Messages



----------------
; Legal Notice ;
----------------
Copyright (C) 2020  Intel Corporation. All rights reserved.
Your use of Intel Corporation's design tools, logic functions 
and other software and tools, and any partner logic 
functions, and any output files from any of the foregoing 
(including device programming or simulation files), and any 
associated documentation or information are expressly subject 
to the terms and conditions of the Intel Program License 
Subscription Agreement, the Intel Quartus Prime License Agreement,
the Intel FPGA IP License Agreement, or other applicable license
agreement, including, without limitation, that your use is for
the sole purpose of programming logic devices manufactured by
Intel and sold by Intel or its authorized distributors.  Please
refer to the applicable agreement for further details, at
https://fpgasoftware.intel.com/eula.



+----------------------------------------------------------------------------------+
; Analysis & Synthesis Summary                                                     ;
+------------------------------------+---------------------------------------------+
; Analysis & Synthesis Status        ; Successful - Wed Apr 03 10:10:38 2024       ;
; Quartus Prime Version              ; 20.1.1 Build 720 11/11/2020 SJ Lite Edition ;
; Revision Name                      ; lab10                                       ;
; Top-level Entity Name              ; lab10                                       ;
; Family                             ; MAX 10                                      ;
; Total logic elements               ; 55                                          ;
;     Total combinational functions  ; 55                                          ;
;     Dedicated logic registers      ; 0                                           ;
; Total registers                    ; 0                                           ;
; Total pins                         ; 30                                          ;
; Total virtual pins                 ; 0                                           ;
; Total memory bits                  ; 0                                           ;
; Embedded Multiplier 9-bit elements ; 0                                           ;
; Total PLLs                         ; 0                                           ;
; UFM blocks                         ; 0                                           ;
; ADC blocks                         ; 0                                           ;
+------------------------------------+---------------------------------------------+


+------------------------------------------------------------------------------------------------------------+
; Analysis & Synthesis Settings                                                                              ;
+------------------------------------------------------------------+--------------------+--------------------+
; Option                                                           ; Setting            ; Default Value      ;
+------------------------------------------------------------------+--------------------+--------------------+
; Device                                                           ; 10M50DAF484C7G     ;                    ;
; Top-level entity name                                            ; lab10              ; lab10              ;
; Family name                                                      ; MAX 10             ; Cyclone V          ;
; Use smart compilation                                            ; Off                ; Off                ;
; Enable parallel Assembler and Timing Analyzer during compilation ; On                 ; On                 ;
; Enable compact report table                                      ; Off                ; Off                ;
; Restructure Multiplexers                                         ; Auto               ; Auto               ;
; Create Debugging Nodes for IP Cores                              ; Off                ; Off                ;
; Preserve fewer node names                                        ; On                 ; On                 ;
; Intel FPGA IP Evaluation Mode                                    ; Enable             ; Enable             ;
; Verilog Version                                                  ; Verilog_2001       ; Verilog_2001       ;
; VHDL Version                                                     ; VHDL_1993          ; VHDL_1993          ;
; State Machine Processing                                         ; Auto               ; Auto               ;
; Safe State Machine                                               ; Off                ; Off                ;
; Extract Verilog State Machines                                   ; On                 ; On                 ;
; Extract VHDL State Machines                                      ; On                 ; On                 ;
; Ignore Verilog initial constructs                                ; Off                ; Off                ;
; Iteration limit for constant Verilog loops                       ; 5000               ; 5000               ;
; Iteration limit for non-constant Verilog loops                   ; 250                ; 250                ;
; Add Pass-Through Logic to Inferred RAMs                          ; On                 ; On                 ;
; Infer RAMs from Raw Logic                                        ; On                 ; On                 ;
; Parallel Synthesis                                               ; On                 ; On                 ;
; DSP Block Balancing                                              ; Auto               ; Auto               ;
; NOT Gate Push-Back                                               ; On                 ; On                 ;
; Power-Up Don't Care                                              ; On                 ; On                 ;
; Remove Redundant Logic Cells                                     ; Off                ; Off                ;
; Remove Duplicate Registers                                       ; On                 ; On                 ;
; Ignore CARRY Buffers                                             ; Off                ; Off                ;
; Ignore CASCADE Buffers                                           ; Off                ; Off                ;
; Ignore GLOBAL Buffers                                            ; Off                ; Off                ;
; Ignore ROW GLOBAL Buffers                                        ; Off                ; Off                ;
; Ignore LCELL Buffers                                             ; Off                ; Off                ;
; Ignore SOFT Buffers                                              ; On                 ; On                 ;
; Limit AHDL Integers to 32 Bits                                   ; Off                ; Off                ;
; Optimization Technique                                           ; Balanced           ; Balanced           ;
; Carry Chain Length                                               ; 70                 ; 70                 ;
; Auto Carry Chains                                                ; On                 ; On                 ;
; Auto Open-Drain Pins                                             ; On                 ; On                 ;
; Perform WYSIWYG Primitive Resynthesis                            ; Off                ; Off                ;
; Auto ROM Replacement                                             ; On                 ; On                 ;
; Auto RAM Replacement                                             ; On                 ; On                 ;
; Auto DSP Block Replacement                                       ; On                 ; On                 ;
; Auto Shift Register Replacement                                  ; Auto               ; Auto               ;
; Allow Shift Register Merging across Hierarchies                  ; Auto               ; Auto               ;
; Auto Clock Enable Replacement                                    ; On                 ; On                 ;
; Strict RAM Replacement                                           ; Off                ; Off                ;
; Allow Synchronous Control Signals                                ; On                 ; On                 ;
; Force Use of Synchronous Clear Signals                           ; Off                ; Off                ;
; Auto RAM Block Balancing                                         ; On                 ; On                 ;
; Auto RAM to Logic Cell Conversion                                ; Off                ; Off                ;
; Auto Resource Sharing                                            ; Off                ; Off                ;
; Allow Any RAM Size For Recognition                               ; Off                ; Off                ;
; Allow Any ROM Size For Recognition                               ; Off                ; Off                ;
; Allow Any Shift Register Size For Recognition                    ; Off                ; Off                ;
; Use LogicLock Constraints during Resource Balancing              ; On                 ; On                 ;
; Ignore translate_off and synthesis_off directives                ; Off                ; Off                ;
; Timing-Driven Synthesis                                          ; On                 ; On                 ;
; Report Parameter Settings                                        ; On                 ; On                 ;
; Report Source Assignments                                        ; On                 ; On                 ;
; Report Connectivity Checks                                       ; On                 ; On                 ;
; Ignore Maximum Fan-Out Assignments                               ; Off                ; Off                ;
; Synchronization Register Chain Length                            ; 2                  ; 2                  ;
; Power Optimization During Synthesis                              ; Normal compilation ; Normal compilation ;
; HDL message level                                                ; Level2             ; Level2             ;
; Suppress Register Optimization Related Messages                  ; Off                ; Off                ;
; Number of Removed Registers Reported in Synthesis Report         ; 5000               ; 5000               ;
; Number of Swept Nodes Reported in Synthesis Report               ; 5000               ; 5000               ;
; Number of Inverted Registers Reported in Synthesis Report        ; 100                ; 100                ;
; Clock MUX Protection                                             ; On                 ; On                 ;
; Auto Gated Clock Conversion                                      ; Off                ; Off                ;
; Block Design Naming                                              ; Auto               ; Auto               ;
; SDC constraint protection                                        ; Off                ; Off                ;
; Synthesis Effort                                                 ; Auto               ; Auto               ;
; Shift Register Replacement - Allow Asynchronous Clear Signal     ; On                 ; On                 ;
; Pre-Mapping Resynthesis Optimization                             ; Off                ; Off                ;
; Analysis & Synthesis Message Level                               ; Medium             ; Medium             ;
; Disable Register Merging Across Hierarchies                      ; Auto               ; Auto               ;
; Resource Aware Inference For Block RAM                           ; On                 ; On                 ;
+------------------------------------------------------------------+--------------------+--------------------+


+------------------------------------------+
; Parallel Compilation                     ;
+----------------------------+-------------+
; Processors                 ; Number      ;
+----------------------------+-------------+
; Number detected on machine ; 8           ;
; Maximum allowed            ; 4           ;
;                            ;             ;
; Average used               ; 1.00        ;
; Maximum used               ; 1           ;
;                            ;             ;
; Usage by Processor         ; % Time Used ;
;     Processor 1            ; 100.0%      ;
+----------------------------+-------------+


+-----------------------------------------------------------------------------------------------------------------------------+
; Analysis & Synthesis Source Files Read                                                                                      ;
+----------------------------------+-----------------+------------------------+-------------------------------------+---------+
; File Name with User-Entered Path ; Used in Netlist ; File Type              ; File Name with Absolute Path        ; Library ;
+----------------------------------+-----------------+------------------------+-------------------------------------+---------+
; twoSIGN.v                        ; yes             ; User Verilog HDL File  ; D:/MyCSE2441Labs/lab10/twoSIGN.v    ;         ;
; halfADDER.v                      ; yes             ; User Verilog HDL File  ; D:/MyCSE2441Labs/lab10/halfADDER.v  ;         ;
; add3.v                           ; yes             ; User Verilog HDL File  ; D:/MyCSE2441Labs/lab10/add3.v       ;         ;
; binary2bcd.v                     ; yes             ; User Verilog HDL File  ; D:/MyCSE2441Labs/lab10/binary2bcd.v ;         ;
; bcd2seven.v                      ; yes             ; User Verilog HDL File  ; D:/MyCSE2441Labs/lab10/bcd2seven.v  ;         ;
; lab10.v                          ; yes             ; User Verilog HDL File  ; D:/MyCSE2441Labs/lab10/lab10.v      ;         ;
+----------------------------------+-----------------+------------------------+-------------------------------------+---------+


+--------------------------------------------------------------------------------------------+
; Analysis & Synthesis Resource Usage Summary                                                ;
+---------------------------------------------+----------------------------------------------+
; Resource                                    ; Usage                                        ;
+---------------------------------------------+----------------------------------------------+
; Estimated Total logic elements              ; 55                                           ;
;                                             ;                                              ;
; Total combinational functions               ; 55                                           ;
; Logic element usage by number of LUT inputs ;                                              ;
;     -- 4 input functions                    ; 41                                           ;
;     -- 3 input functions                    ; 9                                            ;
;     -- <=2 input functions                  ; 5                                            ;
;                                             ;                                              ;
; Logic elements by mode                      ;                                              ;
;     -- normal mode                          ; 55                                           ;
;     -- arithmetic mode                      ; 0                                            ;
;                                             ;                                              ;
; Total registers                             ; 0                                            ;
;     -- Dedicated logic registers            ; 0                                            ;
;     -- I/O registers                        ; 0                                            ;
;                                             ;                                              ;
; I/O pins                                    ; 30                                           ;
;                                             ;                                              ;
; Embedded Multiplier 9-bit elements          ; 0                                            ;
;                                             ;                                              ;
; Maximum fan-out node                        ; binary2bcd:binary2bcd_inst|add3:m4|WideOr0~0 ;
; Maximum fan-out                             ; 10                                           ;
; Total fan-out                               ; 250                                          ;
; Average fan-out                             ; 2.17                                         ;
+---------------------------------------------+----------------------------------------------+


+---------------------------------------------------------------------------------------------------------------------------------------------------------------------------------------------------------------------------------------------------------------------------------------------------+
; Analysis & Synthesis Resource Utilization by Entity                                                                                                                                                                                                                                               ;
+----------------------------------------------+---------------------+---------------------------+-------------+------------+--------------+---------+-----------+------+--------------+------------+------------------------------------------------------------------+-------------+--------------+
; Compilation Hierarchy Node                   ; Combinational ALUTs ; Dedicated Logic Registers ; Memory Bits ; UFM Blocks ; DSP Elements ; DSP 9x9 ; DSP 18x18 ; Pins ; Virtual Pins ; ADC blocks ; Full Hierarchy Name                                              ; Entity Name ; Library Name ;
+----------------------------------------------+---------------------+---------------------------+-------------+------------+--------------+---------+-----------+------+--------------+------------+------------------------------------------------------------------+-------------+--------------+
; |lab10                                       ; 55 (0)              ; 0 (0)                     ; 0           ; 0          ; 0            ; 0       ; 0         ; 30   ; 0            ; 0          ; |lab10                                                           ; lab10       ; work         ;
;    |bcd2seven:ones|                          ; 7 (7)               ; 0 (0)                     ; 0           ; 0          ; 0            ; 0       ; 0         ; 0    ; 0            ; 0          ; |lab10|bcd2seven:ones                                            ; bcd2seven   ; work         ;
;    |bcd2seven:tens|                          ; 16 (16)             ; 0 (0)                     ; 0           ; 0          ; 0            ; 0       ; 0         ; 0    ; 0            ; 0          ; |lab10|bcd2seven:tens                                            ; bcd2seven   ; work         ;
;    |binary2bcd:binary2bcd_inst|              ; 24 (0)              ; 0 (0)                     ; 0           ; 0          ; 0            ; 0       ; 0         ; 0    ; 0            ; 0          ; |lab10|binary2bcd:binary2bcd_inst                                ; binary2bcd  ; work         ;
;       |add3:m2|                              ; 11 (11)             ; 0 (0)                     ; 0           ; 0          ; 0            ; 0       ; 0         ; 0    ; 0            ; 0          ; |lab10|binary2bcd:binary2bcd_inst|add3:m2                        ; add3        ; work         ;
;       |add3:m3|                              ; 4 (4)               ; 0 (0)                     ; 0           ; 0          ; 0            ; 0       ; 0         ; 0    ; 0            ; 0          ; |lab10|binary2bcd:binary2bcd_inst|add3:m3                        ; add3        ; work         ;
;       |add3:m4|                              ; 4 (4)               ; 0 (0)                     ; 0           ; 0          ; 0            ; 0       ; 0         ; 0    ; 0            ; 0          ; |lab10|binary2bcd:binary2bcd_inst|add3:m4                        ; add3        ; work         ;
;       |add3:m5|                              ; 4 (4)               ; 0 (0)                     ; 0           ; 0          ; 0            ; 0       ; 0         ; 0    ; 0            ; 0          ; |lab10|binary2bcd:binary2bcd_inst|add3:m5                        ; add3        ; work         ;
;       |add3:m7|                              ; 1 (1)               ; 0 (0)                     ; 0           ; 0          ; 0            ; 0       ; 0         ; 0    ; 0            ; 0          ; |lab10|binary2bcd:binary2bcd_inst|add3:m7                        ; add3        ; work         ;
;    |twoSIGN:twoSIGN_inst|                    ; 8 (3)               ; 0 (0)                     ; 0           ; 0          ; 0            ; 0       ; 0         ; 0    ; 0            ; 0          ; |lab10|twoSIGN:twoSIGN_inst                                      ; twoSIGN     ; work         ;
;       |halfADDER:twosFor[1].halfADDER_inst1| ; 1 (1)               ; 0 (0)                     ; 0           ; 0          ; 0            ; 0       ; 0         ; 0    ; 0            ; 0          ; |lab10|twoSIGN:twoSIGN_inst|halfADDER:twosFor[1].halfADDER_inst1 ; halfADDER   ; work         ;
;       |halfADDER:twosFor[2].halfADDER_inst1| ; 2 (2)               ; 0 (0)                     ; 0           ; 0          ; 0            ; 0       ; 0         ; 0    ; 0            ; 0          ; |lab10|twoSIGN:twoSIGN_inst|halfADDER:twosFor[2].halfADDER_inst1 ; halfADDER   ; work         ;
;       |halfADDER:twosFor[3].halfADDER_inst1| ; 2 (2)               ; 0 (0)                     ; 0           ; 0          ; 0            ; 0       ; 0         ; 0    ; 0            ; 0          ; |lab10|twoSIGN:twoSIGN_inst|halfADDER:twosFor[3].halfADDER_inst1 ; halfADDER   ; work         ;
+----------------------------------------------+---------------------+---------------------------+-------------+------------+--------------+---------+-----------+------+--------------+------------+------------------------------------------------------------------+-------------+--------------+
Note: For table entries with two numbers listed, the numbers in parentheses indicate the number of resources of the given type used by the specific entity alone. The numbers listed outside of parentheses indicate the total resources of the given type used by the specific entity and all of its sub-entities in the hierarchy.


+------------------------------------------------------+
; General Register Statistics                          ;
+----------------------------------------------+-------+
; Statistic                                    ; Value ;
+----------------------------------------------+-------+
; Total registers                              ; 0     ;
; Number of registers using Synchronous Clear  ; 0     ;
; Number of registers using Synchronous Load   ; 0     ;
; Number of registers using Asynchronous Clear ; 0     ;
; Number of registers using Asynchronous Load  ; 0     ;
; Number of registers using Clock Enable       ; 0     ;
; Number of registers using Preset             ; 0     ;
+----------------------------------------------+-------+


+-----------------------------------------------------------------------+
; Parameter Settings for User Entity Instance: Top-level Entity: |lab10 ;
+----------------+-------+----------------------------------------------+
; Parameter Name ; Value ; Type                                         ;
+----------------+-------+----------------------------------------------+
; N              ; 8     ; Signed Integer                               ;
+----------------+-------+----------------------------------------------+
Note: In order to hide this table in the UI and the text report file, please set the "Show Parameter Settings in Synthesis Report" option in "Analysis and Synthesis Settings -> More Settings" to "Off".


+-------------------------------------------------------------------+
; Parameter Settings for User Entity Instance: twoSIGN:twoSIGN_inst ;
+----------------+-------+------------------------------------------+
; Parameter Name ; Value ; Type                                     ;
+----------------+-------+------------------------------------------+
; N              ; 8     ; Signed Integer                           ;
+----------------+-------+------------------------------------------+
Note: In order to hide this table in the UI and the text report file, please set the "Show Parameter Settings in Synthesis Report" option in "Analysis and Synthesis Settings -> More Settings" to "Off".


+---------------------------------------------------------------------------------------------------------------------------------------------------------------------------------------------------------------+
; Port Connectivity Checks: "bcd2seven:hundreds"                                                                                                                                                                ;
+-------+-------+----------+------------------------------------------------------------------------------------------------------------------------------------------------------------------------------------+
; Port  ; Type  ; Severity ; Details                                                                                                                                                                            ;
+-------+-------+----------+------------------------------------------------------------------------------------------------------------------------------------------------------------------------------------+
; w     ; Input ; Warning  ; Input port expression (32 bits) is wider than the input port (1 bits) it drives.  The 31 most-significant bit(s) in the expression will be dangling if they have no other fanouts. ;
; w[-1] ; Input ; Info     ; Stuck at GND                                                                                                                                                                       ;
; x     ; Input ; Warning  ; Input port expression (32 bits) is wider than the input port (1 bits) it drives.  The 31 most-significant bit(s) in the expression will be dangling if they have no other fanouts. ;
; x[-1] ; Input ; Info     ; Stuck at GND                                                                                                                                                                       ;
+-------+-------+----------+------------------------------------------------------------------------------------------------------------------------------------------------------------------------------------+


+----------------------------------------------------------------+
; Port Connectivity Checks: "binary2bcd:binary2bcd_inst|add3:m6" ;
+-------+-------+----------+-------------------------------------+
; Port  ; Type  ; Severity ; Details                             ;
+-------+-------+----------+-------------------------------------+
; in[3] ; Input ; Info     ; Stuck at GND                        ;
+-------+-------+----------+-------------------------------------+


+----------------------------------------------------------------+
; Port Connectivity Checks: "binary2bcd:binary2bcd_inst|add3:m1" ;
+-------+-------+----------+-------------------------------------+
; Port  ; Type  ; Severity ; Details                             ;
+-------+-------+----------+-------------------------------------+
; in[3] ; Input ; Info     ; Stuck at GND                        ;
+-------+-------+----------+-------------------------------------+


+----------------------------------------------------------------------------------------------------------------+
; Port Connectivity Checks: "twoSIGN:twoSIGN_inst|halfADDER:twosFor[7].halfADDER_inst1"                          ;
+------+--------+----------+-------------------------------------------------------------------------------------+
; Port ; Type   ; Severity ; Details                                                                             ;
+------+--------+----------+-------------------------------------------------------------------------------------+
; cout ; Output ; Info     ; Connected to dangling logic. Logic that only feeds a dangling port will be removed. ;
; a    ; Input  ; Info     ; Stuck at GND                                                                        ;
+------+--------+----------+-------------------------------------------------------------------------------------+


+-----------------------------------------------------+
; Post-Synthesis Netlist Statistics for Top Partition ;
+-----------------------+-----------------------------+
; Type                  ; Count                       ;
+-----------------------+-----------------------------+
; boundary_port         ; 30                          ;
; cycloneiii_lcell_comb ; 64                          ;
;     normal            ; 64                          ;
;         0 data inputs ; 2                           ;
;         1 data inputs ; 7                           ;
;         2 data inputs ; 5                           ;
;         3 data inputs ; 9                           ;
;         4 data inputs ; 41                          ;
;                       ;                             ;
; Max LUT depth         ; 12.00                       ;
; Average LUT depth     ; 10.17                       ;
+-----------------------+-----------------------------+


+-------------------------------+
; Elapsed Time Per Partition    ;
+----------------+--------------+
; Partition Name ; Elapsed Time ;
+----------------+--------------+
; Top            ; 00:00:00     ;
+----------------+--------------+


+-------------------------------+
; Analysis & Synthesis Messages ;
+-------------------------------+
Info: *******************************************************************
Info: Running Quartus Prime Analysis & Synthesis
    Info: Version 20.1.1 Build 720 11/11/2020 SJ Lite Edition
    Info: Processing started: Wed Apr 03 10:10:29 2024
Info: Command: quartus_map --read_settings_files=on --write_settings_files=off lab10 -c lab10
Warning (18236): Number of processors has not been specified which may cause overloading on shared machines.  Set the global assignment NUM_PARALLEL_PROCESSORS in your QSF to an appropriate value for best performance.
Info (20030): Parallel compilation is enabled and will use 4 of the 4 processors detected
Info (12021): Found 1 design units, including 1 entities, in source file twosign.v
    Info (12023): Found entity 1: twoSIGN File: D:/MyCSE2441Labs/lab10/twoSIGN.v Line: 1
Info (12021): Found 1 design units, including 1 entities, in source file halfadder.v
    Info (12023): Found entity 1: halfADDER File: D:/MyCSE2441Labs/lab10/halfADDER.v Line: 1
Info (12021): Found 1 design units, including 1 entities, in source file add3.v
    Info (12023): Found entity 1: add3 File: D:/MyCSE2441Labs/lab10/add3.v Line: 1
Info (12021): Found 1 design units, including 1 entities, in source file binary2bcd.v
    Info (12023): Found entity 1: binary2bcd File: D:/MyCSE2441Labs/lab10/binary2bcd.v Line: 1
Info (12021): Found 1 design units, including 1 entities, in source file bcd2seven.v
    Info (12023): Found entity 1: bcd2seven File: D:/MyCSE2441Labs/lab10/bcd2seven.v Line: 1
Info (12021): Found 1 design units, including 1 entities, in source file lab10.v
    Info (12023): Found entity 1: lab10 File: D:/MyCSE2441Labs/lab10/lab10.v Line: 1
Info (12127): Elaborating entity "lab10" for the top level hierarchy
Info (12128): Elaborating entity "twoSIGN" for hierarchy "twoSIGN:twoSIGN_inst" File: D:/MyCSE2441Labs/lab10/lab10.v Line: 14
Info (12128): Elaborating entity "halfADDER" for hierarchy "twoSIGN:twoSIGN_inst|halfADDER:twosFor[0].halfADDER_inst1" File: D:/MyCSE2441Labs/lab10/twoSIGN.v Line: 18
Info (12128): Elaborating entity "binary2bcd" for hierarchy "binary2bcd:binary2bcd_inst" File: D:/MyCSE2441Labs/lab10/lab10.v Line: 22
Info (12128): Elaborating entity "add3" for hierarchy "binary2bcd:binary2bcd_inst|add3:m1" File: D:/MyCSE2441Labs/lab10/binary2bcd.v Line: 20
Info (12128): Elaborating entity "bcd2seven" for hierarchy "bcd2seven:ones" File: D:/MyCSE2441Labs/lab10/lab10.v Line: 37
Warning (12241): 1 hierarchies have connectivity warnings - see the Connectivity Checks report folder
Warning (13024): Output pins are stuck at VCC or GND
    Warning (13410): Pin "Hex3[1]" is stuck at GND File: D:/MyCSE2441Labs/lab10/lab10.v Line: 5
    Warning (13410): Pin "Hex3[2]" is stuck at GND File: D:/MyCSE2441Labs/lab10/lab10.v Line: 5
    Warning (13410): Pin "Hex3[6]" is stuck at VCC File: D:/MyCSE2441Labs/lab10/lab10.v Line: 5
Info (286030): Timing-Driven Synthesis is running
Info (144001): Generated suppressed messages file D:/MyCSE2441Labs/lab10/output_files/lab10.map.smsg
Info (16010): Generating hard_block partition "hard_block:auto_generated_inst"
    Info (16011): Adding 0 node(s), including 0 DDIO, 0 PLL, 0 transceiver and 0 LCELL
Info (21057): Implemented 85 device resources after synthesis - the final resource count might be different
    Info (21058): Implemented 8 input pins
    Info (21059): Implemented 22 output pins
    Info (21061): Implemented 55 logic cells
Info: Quartus Prime Analysis & Synthesis was successful. 0 errors, 6 warnings
    Info: Peak virtual memory: 4746 megabytes
    Info: Processing ended: Wed Apr 03 10:10:38 2024
    Info: Elapsed time: 00:00:09
    Info: Total CPU time (on all processors): 00:00:19


+------------------------------------------+
; Analysis & Synthesis Suppressed Messages ;
+------------------------------------------+
The suppressed messages can be found in D:/MyCSE2441Labs/lab10/output_files/lab10.map.smsg.


